Build started 4/2/2012 3:54:50 PM.
     1>Project "C:\Users\ed\smoke_simulation\smoke_simulation\smoke_simulation\smoke_simulation.vcxproj" on node 2 (build target(s)).
     1>InitializeBuildStatus:
         Creating "Debug\smoke_simulation.unsuccessfulbuild" because "AlwaysCreate" was specified.
       ClCompile:
         c:\Program Files (x86)\Microsoft Visual Studio 10.0\VC\bin\CL.exe /c /ZI /nologo /W3 /WX- /Od /Oy- /D WIN32 /D _DEBUG /D _CONSOLE /D _UNICODE /D UNICODE /Gm /EHsc /RTC1 /MDd /GS /fp:precise /Zc:wchar_t /Zc:forScope /Fo"Debug\\" /Fd"Debug\vc100.pdb" /Gd /TP /analyze- /errorReport:prompt fluid.cpp fluid_render.cpp glCanvas.cpp smoke.cpp smoke_render.cpp
         smoke_render.cpp
         Generating Code...
         Compiling...
         smoke.cpp
     1>c:\users\ed\smoke_simulation\smoke_simulation\smoke_simulation\smoke.cpp(569): warning C4101: 'w' : unreferenced local variable
     1>c:\users\ed\smoke_simulation\smoke_simulation\smoke_simulation\smoke.cpp(570): warning C4101: 'C' : unreferenced local variable
         glCanvas.cpp
         fluid_render.cpp
         fluid.cpp
     1>c:\users\ed\smoke_simulation\smoke_simulation\smoke_simulation\fluid.cpp(569): warning C4101: 'w' : unreferenced local variable
     1>c:\users\ed\smoke_simulation\smoke_simulation\smoke_simulation\fluid.cpp(570): warning C4101: 'C' : unreferenced local variable
         Generating Code...
       ManifestResourceCompile:
         All outputs are up-to-date.
       Link:
         c:\Program Files (x86)\Microsoft Visual Studio 10.0\VC\bin\link.exe /ERRORREPORT:PROMPT /OUT:"C:\Users\ed\smoke_simulation\smoke_simulation\Debug\smoke_simulation.exe" /INCREMENTAL /NOLOGO glut32.lib glu32.lib glew32.lib glew32s.lib opengl32.lib kernel32.lib user32.lib gdi32.lib winspool.lib comdlg32.lib advapi32.lib shell32.lib ole32.lib oleaut32.lib uuid.lib odbc32.lib odbccp32.lib /MANIFEST /ManifestFile:"Debug\smoke_simulation.exe.intermediate.manifest" /MANIFESTUAC:"level='asInvoker' uiAccess='false'" /DEBUG /PDB:"C:\Users\ed\smoke_simulation\smoke_simulation\Debug\smoke_simulation.pdb" /SUBSYSTEM:CONSOLE /TLBID:1 /DYNAMICBASE /NXCOMPAT /IMPLIB:"C:\Users\ed\smoke_simulation\smoke_simulation\Debug\smoke_simulation.lib" /MACHINE:X86 Debug\smoke_simulation.exe.embed.manifest.res
         Debug\boundingbox.obj
         Debug\camera.obj
         Debug\fluid.obj
         Debug\fluid_render.obj
         Debug\glCanvas.obj
         Debug\main.obj
         Debug\marching_cubes.obj
         Debug\matrix.obj
         Debug\smoke.obj
         Debug\smoke_render.obj
       Manifest:
         C:\Program Files (x86)\Microsoft SDKs\Windows\v7.0A\bin\mt.exe /nologo /verbose /out:"Debug\smoke_simulation.exe.embed.manifest" /manifest Debug\smoke_simulation.exe.intermediate.manifest
         All outputs are up-to-date.
       LinkEmbedManifest:
         All outputs are up-to-date.
         smoke_simulation.vcxproj -> C:\Users\ed\smoke_simulation\smoke_simulation\Debug\smoke_simulation.exe
       FinalizeBuildStatus:
         Deleting file "Debug\smoke_simulation.unsuccessfulbuild".
         Touching "Debug\smoke_simulation.lastbuildstate".
     1>Done Building Project "C:\Users\ed\smoke_simulation\smoke_simulation\smoke_simulation\smoke_simulation.vcxproj" (build target(s)).

Build succeeded.

Time Elapsed 00:00:05.85
